I, [2013-07-04T02:15:45.164405 #23857]  INFO -- : Started GET "/" for 192.168.169.1 at 2013-07-04 02:15:45 +0800
I, [2013-07-04T02:15:45.260591 #23857]  INFO -- : Processing by WelcomeController#index as HTML
I, [2013-07-04T02:15:45.262975 #23857]  INFO -- :   Rendered welcome/index.html.erb within layouts/application (0.3ms)
I, [2013-07-04T02:15:45.278205 #23857]  INFO -- : Completed 200 OK in 17ms (Views: 16.8ms | ActiveRecord: 0.0ms)
I, [2013-07-04T02:15:45.392468 #23857]  INFO -- : Started GET "/javascripts/application.js" for 192.168.169.1 at 2013-07-04 02:15:45 +0800
F, [2013-07-04T02:15:45.393956 #23857] FATAL -- : 
ActionController::RoutingError (No route matches [GET] "/javascripts/application.js"):
  actionpack (4.0.0.beta1) lib/action_dispatch/middleware/debug_exceptions.rb:21:in `call'
  actionpack (4.0.0.beta1) lib/action_dispatch/middleware/show_exceptions.rb:30:in `call'
  railties (4.0.0.beta1) lib/rails/rack/logger.rb:38:in `call_app'
  railties (4.0.0.beta1) lib/rails/rack/logger.rb:21:in `block in call'
  activesupport (4.0.0.beta1) lib/active_support/tagged_logging.rb:67:in `block in tagged'
  activesupport (4.0.0.beta1) lib/active_support/tagged_logging.rb:25:in `tagged'
  activesupport (4.0.0.beta1) lib/active_support/tagged_logging.rb:67:in `tagged'
  railties (4.0.0.beta1) lib/rails/rack/logger.rb:21:in `call'
  actionpack (4.0.0.beta1) lib/action_dispatch/middleware/request_id.rb:21:in `call'
  rack (1.5.2) lib/rack/methodoverride.rb:21:in `call'
  rack (1.5.2) lib/rack/runtime.rb:17:in `call'
  activesupport (4.0.0.beta1) lib/active_support/cache/strategy/local_cache.rb:72:in `call'
  railties (4.0.0.beta1) lib/rails/engine.rb:510:in `call'
  railties (4.0.0.beta1) lib/rails/application.rb:96:in `call'
  rack (1.5.2) lib/rack/lock.rb:17:in `call'
  rack (1.5.2) lib/rack/content_length.rb:14:in `call'
  rack (1.5.2) lib/rack/handler/webrick.rb:60:in `service'
  /home/jiangks/.rvm/rubies/ruby-2.0.0-p0/lib/ruby/2.0.0/webrick/httpserver.rb:138:in `service'
  /home/jiangks/.rvm/rubies/ruby-2.0.0-p0/lib/ruby/2.0.0/webrick/httpserver.rb:94:in `run'
  /home/jiangks/.rvm/rubies/ruby-2.0.0-p0/lib/ruby/2.0.0/webrick/server.rb:295:in `block in start_thread'


I, [2013-07-04T02:15:45.396025 #23857]  INFO -- : Started GET "/stylesheets/application.css" for 192.168.169.1 at 2013-07-04 02:15:45 +0800
F, [2013-07-04T02:15:45.397687 #23857] FATAL -- : 
ActionController::RoutingError (No route matches [GET] "/stylesheets/application.css"):
  actionpack (4.0.0.beta1) lib/action_dispatch/middleware/debug_exceptions.rb:21:in `call'
  actionpack (4.0.0.beta1) lib/action_dispatch/middleware/show_exceptions.rb:30:in `call'
  railties (4.0.0.beta1) lib/rails/rack/logger.rb:38:in `call_app'
  railties (4.0.0.beta1) lib/rails/rack/logger.rb:21:in `block in call'
  activesupport (4.0.0.beta1) lib/active_support/tagged_logging.rb:67:in `block in tagged'
  activesupport (4.0.0.beta1) lib/active_support/tagged_logging.rb:25:in `tagged'
  activesupport (4.0.0.beta1) lib/active_support/tagged_logging.rb:67:in `tagged'
  railties (4.0.0.beta1) lib/rails/rack/logger.rb:21:in `call'
  actionpack (4.0.0.beta1) lib/action_dispatch/middleware/request_id.rb:21:in `call'
  rack (1.5.2) lib/rack/methodoverride.rb:21:in `call'
  rack (1.5.2) lib/rack/runtime.rb:17:in `call'
  activesupport (4.0.0.beta1) lib/active_support/cache/strategy/local_cache.rb:72:in `call'
  railties (4.0.0.beta1) lib/rails/engine.rb:510:in `call'
  railties (4.0.0.beta1) lib/rails/application.rb:96:in `call'
  rack (1.5.2) lib/rack/lock.rb:17:in `call'
  rack (1.5.2) lib/rack/content_length.rb:14:in `call'
  rack (1.5.2) lib/rack/handler/webrick.rb:60:in `service'
  /home/jiangks/.rvm/rubies/ruby-2.0.0-p0/lib/ruby/2.0.0/webrick/httpserver.rb:138:in `service'
  /home/jiangks/.rvm/rubies/ruby-2.0.0-p0/lib/ruby/2.0.0/webrick/httpserver.rb:94:in `run'
  /home/jiangks/.rvm/rubies/ruby-2.0.0-p0/lib/ruby/2.0.0/webrick/server.rb:295:in `block in start_thread'


